996
0 2 
992 
991 999 
990 995 
994 
955 
997 
998 
988 996 
987 
948 
986 
970 
938 
981 988 
963 
974 981 
982 990 
979 982 
984 991 
978 
971 
977 984 
980 985 
959 
973 980 
969 
985 993 
972 
964 
949 957 
965 974 
958 968 
952 958 
961 965 
953 961 
962 
942 
944 
947 956 
943 949 
950 
946 953 
940 946 
951 
968 979 
954 
922 
983 
945 952 
936 
939 
906 
935 
956 967 
967 977 
931 
932 941 
941 947 
934 943 
925 
928 934 
960 973 
854 
926 
957 960 
975 
989 
933 
930 940 
913 
937 945 
929 937 
976 
917 
863 
887 
924 
914 
923 
927 932 
921 
895 
918 928 
912 919 
920 930 
905 
915 920 
910 916 
902 910 
903 911 
908 
907 
901 909 
909 915 
899 
893 
892 901 
890 
883 892 
894 902 
966 
889 
888 
875 
884 894 
879 884 
900 
911 918 
904 912 
886 
898 904 
870 
885 897 
880 
919 929 
842 
881 885 
896 
848 
845 
874 
859 
867 
878 
871 879 
897 903 
877 
876 883 
850 
891 898 
916 927 
869 
865 
864 
868 876 
860 
882 891 
873 882 
872 881 
862 872 
861 871 
822 
843 
851 
849 
858 868 
852 
844 
847 857 
840 846 
857 866 
855 
856 861 
829 
827 
838 847 
790 
839 
834 840 
837 856 
826 
832 837 
815 
836 
821 
830 
833 838 
831 
824 833 
853 862 
809 
814 824 
791 
825 834 
812 
816 825 
823 
820 
786 
846 858 
828 835 
784 
766 
813 818 
808 816 
806 814 
798 806 
794 798 
785 
800 810 
841 853 
819 
734 
810 817 
817 828 
804 
799 
767 
802 
835 841 
811 
772 
818 832 
866 873 
807 
797 805 
803 
764 
788 795 
782 793 
793 797 
805 808 
801 813 
780 
796 801 
748 
775 
761 
774 789 
781 788 
757 
777 
704 
771 
691 
787 
792 
783 794 
776 
763 773 
773 782 
770 783 
778 
739 
779 
754 
753 762 
738 
749 753 
758 763 
755 
750 758 
737 750 
742 
795 800 
768 
747 
756 
752 760 
744 752 
762 770 
746 
729 
789 796 
751 759 
765 781 
769 774 
743 
741 
736 
733 
730 
740 751 
727 
728 
726 740 
732 
694 
722 
731 744 
713 
717 731 
724 
725 
720 735 
718 
716 726 
735 749 
723 
702 
712 
706 
721 737 
708 
672 
681 686 
710 716 
714 720 
760 769 
719 
693 
703 710 
700 709 
705 714 
642 
680 
709 715 
715 721 
711 717 
690 
745 
707 
688 
697 701 
701 711 
692 
687 
683 689 
679 
654 
686 697 
678 
698 703 
659 662 
689 698 
696 700 
685 696 
676 685 
675 684 
670 676 
665 673 
669 
674 683 
652 
668 675 
699 705 
695 699 
671 
655 
649 
648 
662 668 
673 681 
682 
667 
623 
646 
651 660 
657 665 
644 
627 
664 670 
684 695 
663 
650 
641 
660 664 
656 
621 
666 674 
661 666 
677 
658 
639 
647 
640 
645 
638 
637 657 
636 653 
632 636 
629 
626 
643 659 
634 643 
630 634 
631 635 
633 637 
613 
628 633 
622 630 
620 628 
635 651 
616 
624 631 
625 632 
619 625 
653 661 
593 
601 609 
609 618 
618 624 
602 
614 
610 
617 620 
615 622 
554 
611 
592 
608 617 
607 615 
600 608 
605 
591 
599 607 
603 612 
588 
598 603 
589 599 
587 598 
595 601 
586 595 
569 
597 
606 
596 
590 600 
604 
565 
584 
585 590 
583 587 
612 619 
594 
574 
575 
581 586 
568 577 
567 
577 581 
580 585 
582 589 
579 583 
571 578 
563 571 
578 582 
570 
538 
573 580 
566 573 
531 
559 
561 
533 
546 
557 
562 568 
553 564 
564 572 
549 
540 
555 
541 
551 
547 558 
558 566 
520 
530 
550 
545 553 
536 
539 
537 545 
502 
528 537 
523 528 
543 548 
548 562 
526 
556 
527 535 
552 563 
544 552 
572 579 
532 
519 
518 522 
516 
513 523 
535 544 
525 534 
507 
521 525 
506 
512 521 
511 518 
500 
522 527 
515 
509 
496 503 
510 513 
504 
491 
517 524 
505 
497 
494 501 
501 512 
498 511 
492 498 
495 510 
490 496 
508 
486 
488 
493 
487 495 
503 517 
489 
479 
477 
485 
480 
484 494 
476 484 
481 490 
534 543 
759 765 
576 
560 
514 
542 547 
529 542 
499 
431 
449 455 
460 
470 476 
478 487 
474 482 
473 
472 
482 492 
456 
483 
457 
463 
468 
475 481 
453 
469 475 
471 478 
467 
461 466 
466 471 
462 
450 
464 469 
458 464 
430 
429 
455 461 
451 
465 474 
459 465 
454 459 
448 
447 454 
441 
436 
438 445 
420 
442 
439 
444 449 
380 
437 444 
443 447 
434 443 
446 
440 
425 
433 
421 
427 434 
432 437 
423 
406 
445 452 
452 458 
524 529 
435 
428 438 
426 432 
419 426 
374 
415 419 
411 
413 415 
409 417 
405 409 
412 
394 398 
398 402 
401 405 
399 403 
396 
403 408 
397 
391 
393 
416 
410 414 
407 410 
362 
404 
379 
389 
390 394 
388 395 
387 
395 401 
378 
370 
386 392 
384 388 
376 384 
382 385 
367 
383 386 
369 
375 383 
371 375 
366 373 
363 368 
368 372 
361 
372 376 
347 
364 
385 390 
381 
308 
358 
359 365 
351 
357 
317 
318 324 
402 407 
400 
377 
326 
348 
392 399 
417 422 
424 427 
360 
353 363 
356 
354 
332 
315 
365 371 
355 366 
346 
314 
342 
344 353 
373 382 
352 
340 
349 
350 359 
345 355 
299 
339 345 
343 350 
338 343 
328 
336 339 
341 344 
337 341 
333 
298 
320 
335 338 
334 
325 
309 
316 
311 
319 
329 
307 321 
330 336 
331 337 
305 
323 
313 
322 330 
312 
302 
300 
296 
278 
306 318 
303 
282 
267 
324 331 
327 335 
293 
304 310 
295 306 
281 
283 
284 
297 307 
301 
277 
286 
291 304 
289 295 
310 322 
287 
285 289 
280 291 
290 297 
240 
288 290 
275 
294 
276 
408 413 
279 
273 288 
269 273 
270 280 
266 271 
265 
271 285 
272 
321 327 
274 
258 
414 418 
418 424 
292 
268 
261 
263 269 
264 270 
262 266 
255 
245 
241 
254 
257 263 
252 257 
239 
256 262 
253 259 
249 253 
235 
244 249 
237 243 
250 256 
259 264 
230 
233 
238 244 
220 
234 238 
243 248 
192 
248 252 
247 
232 
229 
225 
210 
219 
216 
203 
208 
135 
246 250 
214 221 
221 226 
226 236 
236 242 
186 
242 246 
205 
231 234 
224 231 
228 
227 237 
217 
212 
200 207 
207 218 
218 224 
215 223 
201 
202 
197 
193 
204 214 
198 204 
176 
164 
196 
223 227 
251 
222 
213 
187 
184 
211 
181 
194 
209 
206 215 
199 206 
177 
191 200 
174 
185 191 
179 
195 199 
142 
178 
189 
190 198 
183 190 
175 183 
188 195 
170 
173 182 
182 188 
159 
172 173 
169 175 
167 
165 169 
166 
180 185 
171 180 
168 172 
154 
161 163 
163 168 
162 165 
148 
160 162 
157 160 
158 161 
153 156 
155 157 
149 
152 155 
143 146 
151 153 
147 152 
138 144 
144 147 
139 
140 
150 151 
141 
122 
137 143 
106 
133 137 
132 
146 150 
121 
136 
128 130 
130 133 
125 
156 158 
107 
113 
134 138 
131 134 
103 
126 129 
129 131 
260 
145 
127 
120 
123 126 
42 
117 123 
115 117 
112 
111 
83 
124 128 
119 124 
118 119 
116 118 
114 116 
110 
94 96 
109 
102 105 
105 114 
108 115 
104 108 
100 
70 
98 
99 102 
95 97 
97 101 
101 104 
81 
90 
92 
91 94 
89 
75 
86 91 
84 86 
78 
74 
96 99 
73 
93 95 
55 58 
88 93 
63 
87 
56 
76 80 
80 84 
24 
82 85 
85 88 
77 
41 
72 76 
17 
79 82 
71 79 
68 71 
36 37 
69 72 
67 69 
66 68 
60 
64 66 
61 65 
59 64 
65 67 
52 54 
54 57 
57 59 
45 
58 61 
50 
35 
49 52 
53 55 
51 53 
28 
23 
31 32 
32 36 
47 51 
43 
9 
22 
46 47 
44 46 
40 44 
38 
33 
21 
37 40 
34 
39 
29 
27 30 
26 27 
25 
20 26 
30 31 
19 
48 
422 428 
62 
16 
5 
18 20 
15 18 
14 
13 
11 
4 
7 
8 10 
10 12 
12 15 
3 
6 8 
2 6 
1 
